<?xml version="1.0" encoding="UTF-8"?>
<!-- Generated by org.testng.reporters.JUnitReportReporter -->
<testsuite skipped="0" hostname="DESKTOP-3OT4R57" name="qaclickacademy.SeleniumTest" tests="2" failures="0" timestamp="2019-02-21T22:00:54 CST" time="0.005" errors="0">
  <testcase name="eu" time="0.000" classname="qaclickacademy.SeleniumTest"/>
  <testcase name="ba" time="0.005" classname="qaclickacademy.SeleniumTest"/>
</testsuite> <!-- qaclickacademy.SeleniumTest -->
