<?xml version="1.0" encoding="UTF-8"?>
<!-- Generated by org.testng.reporters.JUnitReportReporter -->
<testsuite skipped="0" hostname="DESKTOP-3OT4R57" name="qaclickacademy.AppiumTest" tests="2" failures="0" timestamp="2019-02-21T21:59:36 CST" time="0.000" errors="0">
  <testcase name="chennai" time="0.000" classname="qaclickacademy.AppiumTest"/>
  <testcase name="bangalore" time="0.000" classname="qaclickacademy.AppiumTest"/>
</testsuite> <!-- qaclickacademy.AppiumTest -->
